#
# There is insufficient memory for the Java Runtime Environment to continue.
# Native memory allocation (malloc) failed to allocate 1048576 bytes for AllocateHeap
# Possible reasons:
#   The system is out of physical RAM or swap space
#   The process is running with CompressedOops enabled, and the Java Heap may be blocking the growth of the native heap
# Possible solutions:
#   Reduce memory load on the system
#   Increase physical memory or swap space
#   Check if swap backing store is full
#   Decrease Java heap size (-Xmx/-Xms)
#   Decrease number of Java threads
#   Decrease Java thread stack sizes (-Xss)
#   Set larger code cache with -XX:ReservedCodeCacheSize=
#   JVM is running with Zero Based Compressed Oops mode in which the Java heap is
#     placed in the first 32GB address space. The Java Heap base address is the
#     maximum limit for the native heap growth. Please use -XX:HeapBaseMinAddress
#     to set the Java Heap base and to place the Java Heap above 32GB virtual address.
# This output file may be truncated or incomplete.
#
#  Out of Memory Error (memory/allocation.inline.hpp:61), pid=17460, tid=0x0000000000004064
#
# JRE version:  (8.0_242-b01) (build )
# Java VM: OpenJDK 64-Bit Server VM (25.242-b01 mixed mode windows-amd64 compressed oops)
# Failed to write core dump. Minidumps are not enabled by default on client versions of Windows
#

---------------  T H R E A D  ---------------

Current thread (0x0000000002ea3000):  JavaThread "Unknown thread" [_thread_in_vm, id=16484, stack(0x00000000029f0000,0x0000000002af0000)]

Stack: [0x00000000029f0000,0x0000000002af0000]
[error occurred during error reporting (printing stack bounds), id 0xc0000005]

Native frames: (J=compiled Java code, j=interpreted, Vv=VM code, C=native code)


---------------  P R O C E S S  ---------------

Java Threads: ( => current thread )

Other Threads:

=>0x0000000002ea3000 (exited) JavaThread "Unknown thread" [_thread_in_vm, id=16484, stack(0x00000000029f0000,0x0000000002af0000)]

VM state:not at safepoint (normal execution)

VM Mutex/Monitor currently owned by a thread: None

heap address: 0x0000000702400000, size: 3036 MB, Compressed Oops mode: Zero based, Oop shift amount: 3
Narrow klass base: 0x0000000000000000, Narrow klass shift: 3
Compressed class space size: 1073741824 Address: 0x00000007c0000000

Heap:
 PSYoungGen      total 56832K, used 983K [0x0000000780c00000, 0x0000000784b00000, 0x00000007c0000000)
  eden space 49152K, 2% used [0x0000000780c00000,0x0000000780cf5c38,0x0000000783c00000)
  from space 7680K, 0% used [0x0000000784380000,0x0000000784380000,0x0000000784b00000)
  to   space 7680K, 0% used [0x0000000783c00000,0x0000000783c00000,0x0000000784380000)
 ParOldGen       total 130048K, used 0K [0x0000000702400000, 0x000000070a300000, 0x0000000780c00000)
  object space 130048K, 0% used [0x0000000702400000,0x0000000702400000,0x000000070a300000)
 Metaspace       used 779K, capacity 4480K, committed 4480K, reserved 1056768K
  class space    used 74K, capacity 384K, committed 384K, reserved 1048576K

Card table byte_map: [0x0000000012400000,0x00000000129f0000] byte_map_base: 0x000000000ebee000

Marking Bits: (ParMarkBitMap*) 0x000000006cd3f030
 Begin Bits: [0x00000000137f0000, 0x0000000016760000)
 End Bits:   [0x0000000016760000, 0x00000000196d0000)

Polling page: 0x00000000011e0000

CodeCache: size=245760Kb used=328Kb max_used=328Kb free=245431Kb
 bounds [0x0000000003040000, 0x00000000032b0000, 0x0000000012040000]
 total_blobs=57 nmethods=0 adapters=38
 compilation: enabled

Compilation events (0 events):
No events

GC Heap History (0 events):
No events

Deoptimization events (0 events):
No events

Classes redefined (0 events):
No events

Internal exceptions (0 events):
No events

Events (10 events):
Event: 0.018 loading class java/lang/Short
Event: 0.018 loading class java/lang/Short done
Event: 0.018 loading class java/lang/Integer
Event: 0.018 loading class java/lang/Integer done
Event: 0.018 loading class java/lang/Long
Event: 0.018 loading class java/lang/Long done
Event: 0.019 loading class java/lang/NullPointerException
Event: 0.019 loading class java/lang/NullPointerException done
Event: 0.019 loading class java/lang/ArithmeticException
Event: 0.019 loading class java/lang/ArithmeticException done


Dynamic libraries:
0x00007ff688670000 - 0x00007ff6886a1000 	C:\Program Files\Android\Android Studio\jre\bin\java.exe
0x00007ff9125f0000 - 0x00007ff9127e6000 	C:\WINDOWS\SYSTEM32\ntdll.dll
0x00007ff910c30000 - 0x00007ff910ced000 	C:\WINDOWS\System32\KERNEL32.DLL
0x00007ff90fe40000 - 0x00007ff910109000 	C:\WINDOWS\System32\KERNELBASE.dll
0x00007ff910b70000 - 0x00007ff910c1c000 	C:\WINDOWS\System32\ADVAPI32.dll
0x00007ff9124e0000 - 0x00007ff91257e000 	C:\WINDOWS\System32\msvcrt.dll
0x00007ff910cf0000 - 0x00007ff910d8c000 	C:\WINDOWS\System32\sechost.dll
0x00007ff911c60000 - 0x00007ff911d8b000 	C:\WINDOWS\System32\RPCRT4.dll
0x00007ff910d90000 - 0x00007ff910f30000 	C:\WINDOWS\System32\USER32.dll
0x00007ff90fd30000 - 0x00007ff90fd52000 	C:\WINDOWS\System32\win32u.dll
0x00007ff912580000 - 0x00007ff9125aa000 	C:\WINDOWS\System32\GDI32.dll
0x00007ff910190000 - 0x00007ff910299000 	C:\WINDOWS\System32\gdi32full.dll
0x00007ff9102a0000 - 0x00007ff91033d000 	C:\WINDOWS\System32\msvcp_win.dll
0x00007ff9104a0000 - 0x00007ff9105a0000 	C:\WINDOWS\System32\ucrtbase.dll
0x00007ff8f9e30000 - 0x00007ff8fa0cb000 	C:\WINDOWS\WinSxS\amd64_microsoft.windows.common-controls_6595b64144ccf1df_6.0.19041.488_none_ca04af081b815d21\COMCTL32.dll
0x00007ff910f30000 - 0x00007ff910f60000 	C:\WINDOWS\System32\IMM32.DLL
0x000000006e620000 - 0x000000006e6f2000 	C:\Program Files\Android\Android Studio\jre\jre\bin\msvcr100.dll
0x000000006c570000 - 0x000000006cdbb000 	C:\Program Files\Android\Android Studio\jre\jre\bin\server\jvm.dll
0x00007ff910c20000 - 0x00007ff910c28000 	C:\WINDOWS\System32\PSAPI.DLL
0x00007ff8ffee0000 - 0x00007ff8ffee9000 	C:\WINDOWS\SYSTEM32\WSOCK32.dll
0x00007ff902590000 - 0x00007ff9025b7000 	C:\WINDOWS\SYSTEM32\WINMM.dll
0x00007ff909c40000 - 0x00007ff909c4a000 	C:\WINDOWS\SYSTEM32\VERSION.dll
0x00007ff9115f0000 - 0x00007ff91165b000 	C:\WINDOWS\System32\WS2_32.dll
0x00007ff8e5e50000 - 0x00007ff8e5e5f000 	C:\Program Files\Android\Android Studio\jre\jre\bin\verify.dll
0x00007ff8cf0f0000 - 0x00007ff8cf119000 	C:\Program Files\Android\Android Studio\jre\jre\bin\java.dll
0x00007ff8d03f0000 - 0x00007ff8d0406000 	C:\Program Files\Android\Android Studio\jre\jre\bin\zip.dll

VM Arguments:
jvm_args: -Dorg.gradle.appname=gradlew 
java_command: org.gradle.wrapper.GradleWrapperMain -q -Ptarget-platform=android-x86 -Ptarget=C:\Users\USER\IdeaProjects\leadie\lib\main.dart -Ptrack-widget-creation=true -Pfilesystem-scheme=org-dartlang-root -Pdart-defines=flutter.inspector.structuredErrors%3Dtrue assembleDebug
java_class_path (initial): C:\Users\USER\IdeaProjects\leadie\android\\gradle\wrapper\gradle-wrapper.jar
Launcher Type: SUN_STANDARD

Environment Variables:
JAVA_HOME=C:\Program Files\Android\Android Studio\jre
CLASSPATH=C:\Users\USER\IdeaProjects\leadie\android\\gradle\wrapper\gradle-wrapper.jar
PATH=D:\Python37\Scripts\;D:\Python37\;C:\Windows\system32;C:\Windows;C:\Windows\System32\Wbem;C:\Program Files\NVIDIA Corporation\NVIDIA NvDLISR;C:\WINDOWS\system32;C:\WINDOWS;C:\WINDOWS\System32\Wbem;C:\WINDOWS\System32\WindowsPowerShell\v1.0\;C:\WINDOWS\System32\OpenSSH\;C:\Program Files\Git\cmd;C:\Program Files\nodejs\;C:\ProgramData\chocolatey\bin;C:\Program Files\MATLAB\R2020b\bin;C:\Program Files\Common Files\Autodesk Shared\;C:\Program Files\dotnet\;C:\Users\USER\Desktop\Performance BorBorBang\platform-tools;C:\Program Files\JetBrains\PyCharm Community Edition 2020.1.1\bin;C:\Users\USER\AppData\Local\Microsoft\WindowsApps;C:\Users\USER\.dotnet\tools;C:\Users\USER\AppData\Local\atom\bin;C:\Users\USER\AppData\Local\hyper\app-3.0.2\resources\bin;C:\Users\USER\AppData\Roaming\npm;C:\Program Files\heroku\bin;C:\Users\USER\AppData\Local\Programs\Microsoft VS Code\bin;C:\Users\USER\AppData\Local\GitHubDesktop\bin;C:\Users\USER\.dotnet\tools;D:\Flutter_SDK\flutter\bin;C:\Program Files\JetBrains\IntelliJ IDEA Community Edition 2020.3\bin;;
USERNAME=USER
OS=Windows_NT
PROCESSOR_IDENTIFIER=Intel64 Family 6 Model 158 Stepping 10, GenuineIntel



---------------  S Y S T E M  ---------------

OS: Windows 10.0 , 64 bit Build 19041 (10.0.19041.662)

CPU:total 12 (initial active 12) (6 cores per cpu, 2 threads per core) family 6 model 158 stepping 10, cmov, cx8, fxsr, mmx, sse, sse2, sse3, ssse3, sse4.1, sse4.2, popcnt, avx, avx2, aes, clmul, erms, 3dnowpref, lzcnt, ht, tsc, tscinvbit, bmi1, bmi2, adx

Memory: 4k page, physical 12434300k(1296320k free), swap 27794300k(5144k free)

vm_info: OpenJDK 64-Bit Server VM (25.242-b01) for windows-amd64 JRE (1.8.0_242-release-1644-b01), built by "builder" with MS VC++ 10.0 (VS2010)

time: Fri Jan 01 14:27:08 2021
timezone: Malay Peninsula Standard Time
elapsed time: 0 seconds (0d 0h 0m 0s)

